<?xml version="1.0" encoding="UTF-8"?>
<testng-results skipped="0" failed="0" ignored="0" total="1" passed="1">
  <reporter-output>
  </reporter-output>
  <suite name="Surefire suite" duration-ms="9562" started-at="2019-11-01T16:40:54Z" finished-at="2019-11-01T16:41:04Z">
    <groups>
    </groups>
    <test name="Surefire test" duration-ms="9562" started-at="2019-11-01T16:40:54Z" finished-at="2019-11-01T16:41:04Z">
      <class name="com.herokuapp.theinternet.PositiveTests">
        <test-method status="PASS" signature="loginTest()[pri:0, instance:com.herokuapp.theinternet.PositiveTests@1a407d53]" name="loginTest" duration-ms="9547" started-at="2019-11-01T16:40:54Z" finished-at="2019-11-01T16:41:04Z">
          <reporter-output>
          </reporter-output>
        </test-method> <!-- loginTest -->
      </class> <!-- com.herokuapp.theinternet.PositiveTests -->
    </test> <!-- Surefire test -->
  </suite> <!-- Surefire suite -->
</testng-results>
